<?xml version="1.0" encoding="UTF-8"?>
<!-- Generated by org.testng.reporters.JUnitReportReporter -->
<testsuite hostname="LAPTOP-KULC1DCB" failures="0" tests="1" name="maventestng.multibrowser" time="0.025" errors="0" timestamp="12 Jul 2022 12:37:00 GMT">
  <testcase classname="maventestng.multibrowser" name="login" time="0.025"/>
</testsuite> <!-- maventestng.multibrowser -->
